rm -rf ./build && mkdir build
docker run -w /files --rm -it  -v `pwd`:/files libav-streaming \
g++ -std=c++11 -L/files/src -L/opt/ffmpeg/lib -I/opt/ffmpeg/include/ /files/src/streamer.cpp /files/src/main.cpp \
  -lavcodec -lavformat -lavfilter -lavdevice -lswresample -lswscale -lavutil \
  -o /files/build/streamer
[01m[K/files/src/streamer.cpp:[m[K In constructor '[01m[KStreamer::Streamer(const char*, const char*, const char*)[m[K':
[01m[K/files/src/streamer.cpp:10:5:[m[K [01;35m[Kwarning: [m[K'[01m[Kvoid avcodec_register_all()[m[K' is deprecated [-Wdeprecated-declarations]
     avcodec_register_all();
[01;32m[K     ^[m[K
In file included from [01m[K/files/src/streamer.h:10:0[m[K,
                 from [01m[K/files/src/streamer.cpp:1[m[K:
[01m[K/opt/ffmpeg/include/libavcodec/avcodec.h:4086:6:[m[K [01;36m[Knote: [m[Kdeclared here
 void avcodec_register_all(void);
[01;32m[K      ^[m[K
[01m[K/files/src/streamer.cpp:10:5:[m[K [01;35m[Kwarning: [m[K'[01m[Kvoid avcodec_register_all()[m[K' is deprecated [-Wdeprecated-declarations]
     avcodec_register_all();
[01;32m[K     ^[m[K
In file included from [01m[K/files/src/streamer.h:10:0[m[K,
                 from [01m[K/files/src/streamer.cpp:1[m[K:
[01m[K/opt/ffmpeg/include/libavcodec/avcodec.h:4086:6:[m[K [01;36m[Knote: [m[Kdeclared here
 void avcodec_register_all(void);
[01;32m[K      ^[m[K
[01m[K/files/src/streamer.cpp:10:26:[m[K [01;35m[Kwarning: [m[K'[01m[Kvoid avcodec_register_all()[m[K' is deprecated [-Wdeprecated-declarations]
     avcodec_register_all();
[01;32m[K                          ^[m[K
In file included from [01m[K/files/src/streamer.h:10:0[m[K,
                 from [01m[K/files/src/streamer.cpp:1[m[K:
[01m[K/opt/ffmpeg/include/libavcodec/avcodec.h:4086:6:[m[K [01;36m[Knote: [m[Kdeclared here
 void avcodec_register_all(void);
[01;32m[K      ^[m[K
[01m[K/files/src/streamer.cpp:11:5:[m[K [01;35m[Kwarning: [m[K'[01m[Kvoid av_register_all()[m[K' is deprecated [-Wdeprecated-declarations]
     av_register_all();
[01;32m[K     ^[m[K
In file included from [01m[K/files/src/streamer.h:11:0[m[K,
                 from [01m[K/files/src/streamer.cpp:1[m[K:
[01m[K/opt/ffmpeg/include/libavformat/avformat.h:2025:6:[m[K [01;36m[Knote: [m[Kdeclared here
 void av_register_all(void);
[01;32m[K      ^[m[K
[01m[K/files/src/streamer.cpp:11:5:[m[K [01;35m[Kwarning: [m[K'[01m[Kvoid av_register_all()[m[K' is deprecated [-Wdeprecated-declarations]
     av_register_all();
[01;32m[K     ^[m[K
In file included from [01m[K/files/src/streamer.h:11:0[m[K,
                 from [01m[K/files/src/streamer.cpp:1[m[K:
[01m[K/opt/ffmpeg/include/libavformat/avformat.h:2025:6:[m[K [01;36m[Knote: [m[Kdeclared here
 void av_register_all(void);
[01;32m[K      ^[m[K
[01m[K/files/src/streamer.cpp:11:21:[m[K [01;35m[Kwarning: [m[K'[01m[Kvoid av_register_all()[m[K' is deprecated [-Wdeprecated-declarations]
     av_register_all();
[01;32m[K                     ^[m[K
In file included from [01m[K/files/src/streamer.h:11:0[m[K,
                 from [01m[K/files/src/streamer.cpp:1[m[K:
[01m[K/opt/ffmpeg/include/libavformat/avformat.h:2025:6:[m[K [01;36m[Knote: [m[Kdeclared here
 void av_register_all(void);
[01;32m[K      ^[m[K
[01m[K/files/src/streamer.cpp:[m[K In member function '[01m[Kint Streamer::setupInput(const char*)[m[K':
[01m[K/files/src/streamer.cpp:45:35:[m[K [01;35m[Kwarning: [m[K'[01m[KAVStream::codec[m[K' is deprecated [-Wdeprecated-declarations]
         if (ifmt_ctx->streams[i]->codec->codec_type == AVMEDIA_TYPE_VIDEO) {
[01;32m[K                                   ^[m[K
In file included from [01m[K/files/src/streamer.h:11:0[m[K,
                 from [01m[K/files/src/streamer.cpp:1[m[K:
[01m[K/opt/ffmpeg/include/libavformat/avformat.h:877:21:[m[K [01;36m[Knote: [m[Kdeclared here
     AVCodecContext *codec;
[01;32m[K                     ^[m[K
[01m[K/files/src/streamer.cpp:45:35:[m[K [01;35m[Kwarning: [m[K'[01m[KAVStream::codec[m[K' is deprecated [-Wdeprecated-declarations]
         if (ifmt_ctx->streams[i]->codec->codec_type == AVMEDIA_TYPE_VIDEO) {
[01;32m[K                                   ^[m[K
In file included from [01m[K/files/src/streamer.h:11:0[m[K,
                 from [01m[K/files/src/streamer.cpp:1[m[K:
[01m[K/opt/ffmpeg/include/libavformat/avformat.h:877:21:[m[K [01;36m[Knote: [m[Kdeclared here
     AVCodecContext *codec;
[01;32m[K                     ^[m[K
[01m[K/files/src/streamer.cpp:45:35:[m[K [01;35m[Kwarning: [m[K'[01m[KAVStream::codec[m[K' is deprecated [-Wdeprecated-declarations]
         if (ifmt_ctx->streams[i]->codec->codec_type == AVMEDIA_TYPE_VIDEO) {
[01;32m[K                                   ^[m[K
In file included from [01m[K/files/src/streamer.h:11:0[m[K,
                 from [01m[K/files/src/streamer.cpp:1[m[K:
[01m[K/opt/ffmpeg/include/libavformat/avformat.h:877:21:[m[K [01;36m[Knote: [m[Kdeclared here
     AVCodecContext *codec;
[01;32m[K                     ^[m[K
[01m[K/files/src/streamer.cpp:53:56:[m[K [01;35m[Kwarning: [m[Kpassing NULL to non-pointer argument 2 of '[01m[Kvoid av_dump_format(AVFormatContext*, int, const char*, int)[m[K' [-Wconversion-null]
     av_dump_format(ifmt_ctx, NULL, _videoFileName, NULL);
[01;32m[K                                                        ^[m[K
[01m[K/files/src/streamer.cpp:53:56:[m[K [01;35m[Kwarning: [m[Kpassing NULL to non-pointer argument 4 of '[01m[Kvoid av_dump_format(AVFormatContext*, int, const char*, int)[m[K' [-Wconversion-null]
[01m[K/files/src/streamer.cpp:[m[K In member function '[01m[Kint Streamer::setupOutput(const char*, const char*)[m[K':
[01m[K/files/src/streamer.cpp:62:24:[m[K [01;35m[Kwarning: [m[K'[01m[KAVOutputFormat* av_oformat_next(const AVOutputFormat*)[m[K' is deprecated [-Wdeprecated-declarations]
 AVOutputFormat* oFmt = av_oformat_next(NULL);
[01;32m[K                        ^[m[K
In file included from [01m[K/files/src/streamer.h:11:0[m[K,
                 from [01m[K/files/src/streamer.cpp:1[m[K:
[01m[K/opt/ffmpeg/include/libavformat/avformat.h:2070:17:[m[K [01;36m[Knote: [m[Kdeclared here
 AVOutputFormat *av_oformat_next(const AVOutputFormat *f);
[01;32m[K                 ^[m[K
[01m[K/files/src/streamer.cpp:62:24:[m[K [01;35m[Kwarning: [m[K'[01m[KAVOutputFormat* av_oformat_next(const AVOutputFormat*)[m[K' is deprecated [-Wdeprecated-declarations]
 AVOutputFormat* oFmt = av_oformat_next(NULL);
[01;32m[K                        ^[m[K
In file included from [01m[K/files/src/streamer.h:11:0[m[K,
                 from [01m[K/files/src/streamer.cpp:1[m[K:
[01m[K/opt/ffmpeg/include/libavformat/avformat.h:2070:17:[m[K [01;36m[Knote: [m[Kdeclared here
 AVOutputFormat *av_oformat_next(const AVOutputFormat *f);
[01;32m[K                 ^[m[K
[01m[K/files/src/streamer.cpp:62:44:[m[K [01;35m[Kwarning: [m[K'[01m[KAVOutputFormat* av_oformat_next(const AVOutputFormat*)[m[K' is deprecated [-Wdeprecated-declarations]
 AVOutputFormat* oFmt = av_oformat_next(NULL);
[01;32m[K                                            ^[m[K
In file included from [01m[K/files/src/streamer.h:11:0[m[K,
                 from [01m[K/files/src/streamer.cpp:1[m[K:
[01m[K/opt/ffmpeg/include/libavformat/avformat.h:2070:17:[m[K [01;36m[Knote: [m[Kdeclared here
 AVOutputFormat *av_oformat_next(const AVOutputFormat *f);
[01;32m[K                 ^[m[K
[01m[K/files/src/streamer.cpp:67:16:[m[K [01;35m[Kwarning: [m[K'[01m[KAVOutputFormat* av_oformat_next(const AVOutputFormat*)[m[K' is deprecated [-Wdeprecated-declarations]
         oFmt = av_oformat_next(oFmt);
[01;32m[K                ^[m[K
In file included from [01m[K/files/src/streamer.h:11:0[m[K,
                 from [01m[K/files/src/streamer.cpp:1[m[K:
[01m[K/opt/ffmpeg/include/libavformat/avformat.h:2070:17:[m[K [01;36m[Knote: [m[Kdeclared here
 AVOutputFormat *av_oformat_next(const AVOutputFormat *f);
[01;32m[K                 ^[m[K
[01m[K/files/src/streamer.cpp:67:16:[m[K [01;35m[Kwarning: [m[K'[01m[KAVOutputFormat* av_oformat_next(const AVOutputFormat*)[m[K' is deprecated [-Wdeprecated-declarations]
         oFmt = av_oformat_next(oFmt);
[01;32m[K                ^[m[K
In file included from [01m[K/files/src/streamer.h:11:0[m[K,
                 from [01m[K/files/src/streamer.cpp:1[m[K:
[01m[K/opt/ffmpeg/include/libavformat/avformat.h:2070:17:[m[K [01;36m[Knote: [m[Kdeclared here
 AVOutputFormat *av_oformat_next(const AVOutputFormat *f);
[01;32m[K                 ^[m[K
[01m[K/files/src/streamer.cpp:67:36:[m[K [01;35m[Kwarning: [m[K'[01m[KAVOutputFormat* av_oformat_next(const AVOutputFormat*)[m[K' is deprecated [-Wdeprecated-declarations]
         oFmt = av_oformat_next(oFmt);
[01;32m[K                                    ^[m[K
In file included from [01m[K/files/src/streamer.h:11:0[m[K,
                 from [01m[K/files/src/streamer.cpp:1[m[K:
[01m[K/opt/ffmpeg/include/libavformat/avformat.h:2070:17:[m[K [01;36m[Knote: [m[Kdeclared here
 AVOutputFormat *av_oformat_next(const AVOutputFormat *f);
[01;32m[K                 ^[m[K
[01m[K/files/src/streamer.cpp:87:19:[m[K [01;35m[Kwarning: [m[K'[01m[Kint avcodec_copy_context(AVCodecContext*, const AVCodecContext*)[m[K' is deprecated [-Wdeprecated-declarations]
             ret = avcodec_copy_context(out_stream->codec, in_stream->codec);
[01;32m[K                   ^[m[K
In file included from [01m[K/files/src/streamer.h:10:0[m[K,
                 from [01m[K/files/src/streamer.cpp:1[m[K:
[01m[K/opt/ffmpeg/include/libavcodec/avcodec.h:4162:5:[m[K [01;36m[Knote: [m[Kdeclared here
 int avcodec_copy_context(AVCodecContext *dest, const AVCodecContext *src);
[01;32m[K     ^[m[K
[01m[K/files/src/streamer.cpp:87:19:[m[K [01;35m[Kwarning: [m[K'[01m[Kint avcodec_copy_context(AVCodecContext*, const AVCodecContext*)[m[K' is deprecated [-Wdeprecated-declarations]
             ret = avcodec_copy_context(out_stream->codec, in_stream->codec);
[01;32m[K                   ^[m[K
In file included from [01m[K/files/src/streamer.h:10:0[m[K,
                 from [01m[K/files/src/streamer.cpp:1[m[K:
[01m[K/opt/ffmpeg/include/libavcodec/avcodec.h:4162:5:[m[K [01;36m[Knote: [m[Kdeclared here
 int avcodec_copy_context(AVCodecContext *dest, const AVCodecContext *src);
[01;32m[K     ^[m[K
[01m[K/files/src/streamer.cpp:87:52:[m[K [01;35m[Kwarning: [m[K'[01m[KAVStream::codec[m[K' is deprecated [-Wdeprecated-declarations]
             ret = avcodec_copy_context(out_stream->codec, in_stream->codec);
[01;32m[K                                                    ^[m[K
In file included from [01m[K/files/src/streamer.h:11:0[m[K,
                 from [01m[K/files/src/streamer.cpp:1[m[K:
[01m[K/opt/ffmpeg/include/libavformat/avformat.h:877:21:[m[K [01;36m[Knote: [m[Kdeclared here
     AVCodecContext *codec;
[01;32m[K                     ^[m[K
[01m[K/files/src/streamer.cpp:87:52:[m[K [01;35m[Kwarning: [m[K'[01m[KAVStream::codec[m[K' is deprecated [-Wdeprecated-declarations]
             ret = avcodec_copy_context(out_stream->codec, in_stream->codec);
[01;32m[K                                                    ^[m[K
In file included from [01m[K/files/src/streamer.h:11:0[m[K,
                 from [01m[K/files/src/streamer.cpp:1[m[K:
[01m[K/opt/ffmpeg/include/libavformat/avformat.h:877:21:[m[K [01;36m[Knote: [m[Kdeclared here
     AVCodecContext *codec;
[01;32m[K                     ^[m[K
[01m[K/files/src/streamer.cpp:87:52:[m[K [01;35m[Kwarning: [m[K'[01m[KAVStream::codec[m[K' is deprecated [-Wdeprecated-declarations]
             ret = avcodec_copy_context(out_stream->codec, in_stream->codec);
[01;32m[K                                                    ^[m[K
In file included from [01m[K/files/src/streamer.h:11:0[m[K,
                 from [01m[K/files/src/streamer.cpp:1[m[K:
[01m[K/opt/ffmpeg/include/libavformat/avformat.h:877:21:[m[K [01;36m[Knote: [m[Kdeclared here
     AVCodecContext *codec;
[01;32m[K                     ^[m[K
[01m[K/files/src/streamer.cpp:87:70:[m[K [01;35m[Kwarning: [m[K'[01m[KAVStream::codec[m[K' is deprecated [-Wdeprecated-declarations]
             ret = avcodec_copy_context(out_stream->codec, in_stream->codec);
[01;32m[K                                                                      ^[m[K
In file included from [01m[K/files/src/streamer.h:11:0[m[K,
                 from [01m[K/files/src/streamer.cpp:1[m[K:
[01m[K/opt/ffmpeg/include/libavformat/avformat.h:877:21:[m[K [01;36m[Knote: [m[Kdeclared here
     AVCodecContext *codec;
[01;32m[K                     ^[m[K
[01m[K/files/src/streamer.cpp:87:70:[m[K [01;35m[Kwarning: [m[K'[01m[KAVStream::codec[m[K' is deprecated [-Wdeprecated-declarations]
             ret = avcodec_copy_context(out_stream->codec, in_stream->codec);
[01;32m[K                                                                      ^[m[K
In file included from [01m[K/files/src/streamer.h:11:0[m[K,
                 from [01m[K/files/src/streamer.cpp:1[m[K:
[01m[K/opt/ffmpeg/include/libavformat/avformat.h:877:21:[m[K [01;36m[Knote: [m[Kdeclared here
     AVCodecContext *codec;
[01;32m[K                     ^[m[K
[01m[K/files/src/streamer.cpp:87:70:[m[K [01;35m[Kwarning: [m[K'[01m[KAVStream::codec[m[K' is deprecated [-Wdeprecated-declarations]
             ret = avcodec_copy_context(out_stream->codec, in_stream->codec);
[01;32m[K                                                                      ^[m[K
In file included from [01m[K/files/src/streamer.h:11:0[m[K,
                 from [01m[K/files/src/streamer.cpp:1[m[K:
[01m[K/opt/ffmpeg/include/libavformat/avformat.h:877:21:[m[K [01;36m[Knote: [m[Kdeclared here
     AVCodecContext *codec;
[01;32m[K                     ^[m[K
[01m[K/files/src/streamer.cpp:87:75:[m[K [01;35m[Kwarning: [m[K'[01m[Kint avcodec_copy_context(AVCodecContext*, const AVCodecContext*)[m[K' is deprecated [-Wdeprecated-declarations]
             ret = avcodec_copy_context(out_stream->codec, in_stream->codec);
[01;32m[K                                                                           ^[m[K
In file included from [01m[K/files/src/streamer.h:10:0[m[K,
                 from [01m[K/files/src/streamer.cpp:1[m[K:
[01m[K/opt/ffmpeg/include/libavcodec/avcodec.h:4162:5:[m[K [01;36m[Knote: [m[Kdeclared here
 int avcodec_copy_context(AVCodecContext *dest, const AVCodecContext *src);
[01;32m[K     ^[m[K
[01m[K/files/src/streamer.cpp:88:19:[m[K [01;35m[Kwarning: [m[K'[01m[Kint avcodec_copy_context(AVCodecContext*, const AVCodecContext*)[m[K' is deprecated [-Wdeprecated-declarations]
             ret = avcodec_copy_context(out_stream2->codec, in_stream->codec);
[01;32m[K                   ^[m[K
In file included from [01m[K/files/src/streamer.h:10:0[m[K,
                 from [01m[K/files/src/streamer.cpp:1[m[K:
[01m[K/opt/ffmpeg/include/libavcodec/avcodec.h:4162:5:[m[K [01;36m[Knote: [m[Kdeclared here
 int avcodec_copy_context(AVCodecContext *dest, const AVCodecContext *src);
[01;32m[K     ^[m[K
[01m[K/files/src/streamer.cpp:88:19:[m[K [01;35m[Kwarning: [m[K'[01m[Kint avcodec_copy_context(AVCodecContext*, const AVCodecContext*)[m[K' is deprecated [-Wdeprecated-declarations]
             ret = avcodec_copy_context(out_stream2->codec, in_stream->codec);
[01;32m[K                   ^[m[K
In file included from [01m[K/files/src/streamer.h:10:0[m[K,
                 from [01m[K/files/src/streamer.cpp:1[m[K:
[01m[K/opt/ffmpeg/include/libavcodec/avcodec.h:4162:5:[m[K [01;36m[Knote: [m[Kdeclared here
 int avcodec_copy_context(AVCodecContext *dest, const AVCodecContext *src);
[01;32m[K     ^[m[K
[01m[K/files/src/streamer.cpp:88:53:[m[K [01;35m[Kwarning: [m[K'[01m[KAVStream::codec[m[K' is deprecated [-Wdeprecated-declarations]
             ret = avcodec_copy_context(out_stream2->codec, in_stream->codec);
[01;32m[K                                                     ^[m[K
In file included from [01m[K/files/src/streamer.h:11:0[m[K,
                 from [01m[K/files/src/streamer.cpp:1[m[K:
[01m[K/opt/ffmpeg/include/libavformat/avformat.h:877:21:[m[K [01;36m[Knote: [m[Kdeclared here
     AVCodecContext *codec;
[01;32m[K                     ^[m[K
[01m[K/files/src/streamer.cpp:88:53:[m[K [01;35m[Kwarning: [m[K'[01m[KAVStream::codec[m[K' is deprecated [-Wdeprecated-declarations]
             ret = avcodec_copy_context(out_stream2->codec, in_stream->codec);
[01;32m[K                                                     ^[m[K
In file included from [01m[K/files/src/streamer.h:11:0[m[K,
                 from [01m[K/files/src/streamer.cpp:1[m[K:
[01m[K/opt/ffmpeg/include/libavformat/avformat.h:877:21:[m[K [01;36m[Knote: [m[Kdeclared here
     AVCodecContext *codec;
[01;32m[K                     ^[m[K
[01m[K/files/src/streamer.cpp:88:53:[m[K [01;35m[Kwarning: [m[K'[01m[KAVStream::codec[m[K' is deprecated [-Wdeprecated-declarations]
             ret = avcodec_copy_context(out_stream2->codec, in_stream->codec);
[01;32m[K                                                     ^[m[K
In file included from [01m[K/files/src/streamer.h:11:0[m[K,
                 from [01m[K/files/src/streamer.cpp:1[m[K:
[01m[K/opt/ffmpeg/include/libavformat/avformat.h:877:21:[m[K [01;36m[Knote: [m[Kdeclared here
     AVCodecContext *codec;
[01;32m[K                     ^[m[K
[01m[K/files/src/streamer.cpp:88:71:[m[K [01;35m[Kwarning: [m[K'[01m[KAVStream::codec[m[K' is deprecated [-Wdeprecated-declarations]
             ret = avcodec_copy_context(out_stream2->codec, in_stream->codec);
[01;32m[K                                                                       ^[m[K
In file included from [01m[K/files/src/streamer.h:11:0[m[K,
                 from [01m[K/files/src/streamer.cpp:1[m[K:
[01m[K/opt/ffmpeg/include/libavformat/avformat.h:877:21:[m[K [01;36m[Knote: [m[Kdeclared here
     AVCodecContext *codec;
[01;32m[K                     ^[m[K
[01m[K/files/src/streamer.cpp:88:71:[m[K [01;35m[Kwarning: [m[K'[01m[KAVStream::codec[m[K' is deprecated [-Wdeprecated-declarations]
             ret = avcodec_copy_context(out_stream2->codec, in_stream->codec);
[01;32m[K                                                                       ^[m[K
In file included from [01m[K/files/src/streamer.h:11:0[m[K,
                 from [01m[K/files/src/streamer.cpp:1[m[K:
[01m[K/opt/ffmpeg/include/libavformat/avformat.h:877:21:[m[K [01;36m[Knote: [m[Kdeclared here
     AVCodecContext *codec;
[01;32m[K                     ^[m[K
[01m[K/files/src/streamer.cpp:88:71:[m[K [01;35m[Kwarning: [m[K'[01m[KAVStream::codec[m[K' is deprecated [-Wdeprecated-declarations]
             ret = avcodec_copy_context(out_stream2->codec, in_stream->codec);
[01;32m[K                                                                       ^[m[K
In file included from [01m[K/files/src/streamer.h:11:0[m[K,
                 from [01m[K/files/src/streamer.cpp:1[m[K:
[01m[K/opt/ffmpeg/include/libavformat/avformat.h:877:21:[m[K [01;36m[Knote: [m[Kdeclared here
     AVCodecContext *codec;
[01;32m[K                     ^[m[K
[01m[K/files/src/streamer.cpp:88:76:[m[K [01;35m[Kwarning: [m[K'[01m[Kint avcodec_copy_context(AVCodecContext*, const AVCodecContext*)[m[K' is deprecated [-Wdeprecated-declarations]
             ret = avcodec_copy_context(out_stream2->codec, in_stream->codec);
[01;32m[K                                                                            ^[m[K
In file included from [01m[K/files/src/streamer.h:10:0[m[K,
                 from [01m[K/files/src/streamer.cpp:1[m[K:
[01m[K/opt/ffmpeg/include/libavcodec/avcodec.h:4162:5:[m[K [01;36m[Knote: [m[Kdeclared here
 int avcodec_copy_context(AVCodecContext *dest, const AVCodecContext *src);
[01;32m[K     ^[m[K
[01m[K/files/src/streamer.cpp:93:30:[m[K [01;35m[Kwarning: [m[K'[01m[KAVStream::codec[m[K' is deprecated [-Wdeprecated-declarations]
         dec_ctx = in_stream->codec;
[01;32m[K                              ^[m[K
In file included from [01m[K/files/src/streamer.h:11:0[m[K,
                 from [01m[K/files/src/streamer.cpp:1[m[K:
[01m[K/opt/ffmpeg/include/libavformat/avformat.h:877:21:[m[K [01;36m[Knote: [m[Kdeclared here
     AVCodecContext *codec;
[01;32m[K                     ^[m[K
[01m[K/files/src/streamer.cpp:93:30:[m[K [01;35m[Kwarning: [m[K'[01m[KAVStream::codec[m[K' is deprecated [-Wdeprecated-declarations]
         dec_ctx = in_stream->codec;
[01;32m[K                              ^[m[K
In file included from [01m[K/files/src/streamer.h:11:0[m[K,
                 from [01m[K/files/src/streamer.cpp:1[m[K:
[01m[K/opt/ffmpeg/include/libavformat/avformat.h:877:21:[m[K [01;36m[Knote: [m[Kdeclared here
     AVCodecContext *codec;
[01;32m[K                     ^[m[K
[01m[K/files/src/streamer.cpp:93:30:[m[K [01;35m[Kwarning: [m[K'[01m[KAVStream::codec[m[K' is deprecated [-Wdeprecated-declarations]
         dec_ctx = in_stream->codec;
[01;32m[K                              ^[m[K
In file included from [01m[K/files/src/streamer.h:11:0[m[K,
                 from [01m[K/files/src/streamer.cpp:1[m[K:
[01m[K/opt/ffmpeg/include/libavformat/avformat.h:877:21:[m[K [01;36m[Knote: [m[Kdeclared here
     AVCodecContext *codec;
[01;32m[K                     ^[m[K
[01m[K/files/src/streamer.cpp:94:31:[m[K [01;35m[Kwarning: [m[K'[01m[KAVStream::codec[m[K' is deprecated [-Wdeprecated-declarations]
         enc_ctx = out_stream->codec;
[01;32m[K                               ^[m[K
In file included from [01m[K/files/src/streamer.h:11:0[m[K,
                 from [01m[K/files/src/streamer.cpp:1[m[K:
[01m[K/opt/ffmpeg/include/libavformat/avformat.h:877:21:[m[K [01;36m[Knote: [m[Kdeclared here
     AVCodecContext *codec;
[01;32m[K                     ^[m[K
[01m[K/files/src/streamer.cpp:94:31:[m[K [01;35m[Kwarning: [m[K'[01m[KAVStream::codec[m[K' is deprecated [-Wdeprecated-declarations]
         enc_ctx = out_stream->codec;
[01;32m[K                               ^[m[K
In file included from [01m[K/files/src/streamer.h:11:0[m[K,
                 from [01m[K/files/src/streamer.cpp:1[m[K:
[01m[K/opt/ffmpeg/include/libavformat/avformat.h:877:21:[m[K [01;36m[Knote: [m[Kdeclared here
     AVCodecContext *codec;
[01;32m[K                     ^[m[K
[01m[K/files/src/streamer.cpp:94:31:[m[K [01;35m[Kwarning: [m[K'[01m[KAVStream::codec[m[K' is deprecated [-Wdeprecated-declarations]
         enc_ctx = out_stream->codec;
[01;32m[K                               ^[m[K
In file included from [01m[K/files/src/streamer.h:11:0[m[K,
                 from [01m[K/files/src/streamer.cpp:1[m[K:
[01m[K/opt/ffmpeg/include/libavformat/avformat.h:877:21:[m[K [01;36m[Knote: [m[Kdeclared here
     AVCodecContext *codec;
[01;32m[K                     ^[m[K
[01m[K/files/src/streamer.cpp:95:33:[m[K [01;35m[Kwarning: [m[K'[01m[KAVStream::codec[m[K' is deprecated [-Wdeprecated-declarations]
         enc_ctx2 = out_stream2->codec;
[01;32m[K                                 ^[m[K
In file included from [01m[K/files/src/streamer.h:11:0[m[K,
                 from [01m[K/files/src/streamer.cpp:1[m[K:
[01m[K/opt/ffmpeg/include/libavformat/avformat.h:877:21:[m[K [01;36m[Knote: [m[Kdeclared here
     AVCodecContext *codec;
[01;32m[K                     ^[m[K
[01m[K/files/src/streamer.cpp:95:33:[m[K [01;35m[Kwarning: [m[K'[01m[KAVStream::codec[m[K' is deprecated [-Wdeprecated-declarations]
         enc_ctx2 = out_stream2->codec;
[01;32m[K                                 ^[m[K
In file included from [01m[K/files/src/streamer.h:11:0[m[K,
                 from [01m[K/files/src/streamer.cpp:1[m[K:
[01m[K/opt/ffmpeg/include/libavformat/avformat.h:877:21:[m[K [01;36m[Knote: [m[Kdeclared here
     AVCodecContext *codec;
[01;32m[K                     ^[m[K
[01m[K/files/src/streamer.cpp:95:33:[m[K [01;35m[Kwarning: [m[K'[01m[KAVStream::codec[m[K' is deprecated [-Wdeprecated-declarations]
         enc_ctx2 = out_stream2->codec;
[01;32m[K                                 ^[m[K
In file included from [01m[K/files/src/streamer.h:11:0[m[K,
                 from [01m[K/files/src/streamer.cpp:1[m[K:
[01m[K/opt/ffmpeg/include/libavformat/avformat.h:877:21:[m[K [01;36m[Knote: [m[Kdeclared here
     AVCodecContext *codec;
[01;32m[K                     ^[m[K
[01m[K/files/src/streamer.cpp:[m[K In member function '[01m[Kint Streamer::Stream()[m[K':
[01m[K/files/src/streamer.cpp:207:84:[m[K [01;31m[Kerror: [m[Ktoo many arguments to function '[01m[Kint avio_open(AVIOContext**, const char*, int)[m[K'
     ret = avio_open(&ofmt_ctx2->pb, rtspServerAddress, AVIO_FLAG_WRITE, NULL, &opts);
[01;32m[K                                                                                    ^[m[K
In file included from [01m[K/opt/ffmpeg/include/libavformat/avformat.h:323:0[m[K,
                 from [01m[K/files/src/streamer.h:11[m[K,
                 from [01m[K/files/src/streamer.cpp:1[m[K:
[01m[K/opt/ffmpeg/include/libavformat/avio.h:697:5:[m[K [01;36m[Knote: [m[Kdeclared here
 int avio_open(AVIOContext **s, const char *url, int flags);
[01;32m[K     ^[m[K
[01m[K/files/src/streamer.cpp:213:21:[m[K [01;35m[Kwarning: [m[K'[01m[Kint avpicture_get_size(AVPixelFormat, int, int)[m[K' is deprecated [-Wdeprecated-declarations]
     int num_bytes = avpicture_get_size(dst_pix_fmt, dst_w, dst_h);
[01;32m[K                     ^[m[K
In file included from [01m[K/files/src/streamer.h:10:0[m[K,
                 from [01m[K/files/src/streamer.cpp:1[m[K:
[01m[K/opt/ffmpeg/include/libavcodec/avcodec.h:5434:5:[m[K [01;36m[Knote: [m[Kdeclared here
 int avpicture_get_size(enum AVPixelFormat pix_fmt, int width, int height);
[01;32m[K     ^[m[K
[01m[K/files/src/streamer.cpp:213:21:[m[K [01;35m[Kwarning: [m[K'[01m[Kint avpicture_get_size(AVPixelFormat, int, int)[m[K' is deprecated [-Wdeprecated-declarations]
     int num_bytes = avpicture_get_size(dst_pix_fmt, dst_w, dst_h);
[01;32m[K                     ^[m[K
In file included from [01m[K/files/src/streamer.h:10:0[m[K,
                 from [01m[K/files/src/streamer.cpp:1[m[K:
[01m[K/opt/ffmpeg/include/libavcodec/avcodec.h:5434:5:[m[K [01;36m[Knote: [m[Kdeclared here
 int avpicture_get_size(enum AVPixelFormat pix_fmt, int width, int height);
[01;32m[K     ^[m[K
[01m[K/files/src/streamer.cpp:213:65:[m[K [01;35m[Kwarning: [m[K'[01m[Kint avpicture_get_size(AVPixelFormat, int, int)[m[K' is deprecated [-Wdeprecated-declarations]
     int num_bytes = avpicture_get_size(dst_pix_fmt, dst_w, dst_h);
[01;32m[K                                                                 ^[m[K
In file included from [01m[K/files/src/streamer.h:10:0[m[K,
                 from [01m[K/files/src/streamer.cpp:1[m[K:
[01m[K/opt/ffmpeg/include/libavcodec/avcodec.h:5434:5:[m[K [01;36m[Knote: [m[Kdeclared here
 int avpicture_get_size(enum AVPixelFormat pix_fmt, int width, int height);
[01;32m[K     ^[m[K
[01m[K/files/src/streamer.cpp:215:5:[m[K [01;35m[Kwarning: [m[K'[01m[Kint avpicture_fill(AVPicture*, const uint8_t*, AVPixelFormat, int, int)[m[K' is deprecated [-Wdeprecated-declarations]
     avpicture_fill((AVPicture*)frame2, frame2_buffer, dst_pix_fmt, dst_w, dst_h);
[01;32m[K     ^[m[K
In file included from [01m[K/files/src/streamer.h:10:0[m[K,
                 from [01m[K/files/src/streamer.cpp:1[m[K:
[01m[K/opt/ffmpeg/include/libavcodec/avcodec.h:5419:5:[m[K [01;36m[Knote: [m[Kdeclared here
 int avpicture_fill(AVPicture *picture, const uint8_t *ptr,
[01;32m[K     ^[m[K
[01m[K/files/src/streamer.cpp:215:5:[m[K [01;35m[Kwarning: [m[K'[01m[Kint avpicture_fill(AVPicture*, const uint8_t*, AVPixelFormat, int, int)[m[K' is deprecated [-Wdeprecated-declarations]
     avpicture_fill((AVPicture*)frame2, frame2_buffer, dst_pix_fmt, dst_w, dst_h);
[01;32m[K     ^[m[K
In file included from [01m[K/files/src/streamer.h:10:0[m[K,
                 from [01m[K/files/src/streamer.cpp:1[m[K:
[01m[K/opt/ffmpeg/include/libavcodec/avcodec.h:5419:5:[m[K [01;36m[Knote: [m[Kdeclared here
 int avpicture_fill(AVPicture *picture, const uint8_t *ptr,
[01;32m[K     ^[m[K
[01m[K/files/src/streamer.cpp:215:80:[m[K [01;35m[Kwarning: [m[K'[01m[Kint avpicture_fill(AVPicture*, const uint8_t*, AVPixelFormat, int, int)[m[K' is deprecated [-Wdeprecated-declarations]
     avpicture_fill((AVPicture*)frame2, frame2_buffer, dst_pix_fmt, dst_w, dst_h);
[01;32m[K                                                                                ^[m[K
In file included from [01m[K/files/src/streamer.h:10:0[m[K,
                 from [01m[K/files/src/streamer.cpp:1[m[K:
[01m[K/opt/ffmpeg/include/libavcodec/avcodec.h:5419:5:[m[K [01;36m[Knote: [m[Kdeclared here
 int avpicture_fill(AVPicture *picture, const uint8_t *ptr,
[01;32m[K     ^[m[K
[01m[K/files/src/streamer.cpp:248:13:[m[K [01;35m[Kwarning: [m[K'[01m[Kvoid av_free_packet(AVPacket*)[m[K' is deprecated [-Wdeprecated-declarations]
             av_free_packet(&pkt);
[01;32m[K             ^[m[K
In file included from [01m[K/files/src/streamer.h:10:0[m[K,
                 from [01m[K/files/src/streamer.cpp:1[m[K:
[01m[K/opt/ffmpeg/include/libavcodec/avcodec.h:4400:6:[m[K [01;36m[Knote: [m[Kdeclared here
 void av_free_packet(AVPacket *pkt);
[01;32m[K      ^[m[K
[01m[K/files/src/streamer.cpp:248:13:[m[K [01;35m[Kwarning: [m[K'[01m[Kvoid av_free_packet(AVPacket*)[m[K' is deprecated [-Wdeprecated-declarations]
             av_free_packet(&pkt);
[01;32m[K             ^[m[K
In file included from [01m[K/files/src/streamer.h:10:0[m[K,
                 from [01m[K/files/src/streamer.cpp:1[m[K:
[01m[K/opt/ffmpeg/include/libavcodec/avcodec.h:4400:6:[m[K [01;36m[Knote: [m[Kdeclared here
 void av_free_packet(AVPacket *pkt);
[01;32m[K      ^[m[K
[01m[K/files/src/streamer.cpp:248:32:[m[K [01;35m[Kwarning: [m[K'[01m[Kvoid av_free_packet(AVPacket*)[m[K' is deprecated [-Wdeprecated-declarations]
             av_free_packet(&pkt);
[01;32m[K                                ^[m[K
In file included from [01m[K/files/src/streamer.h:10:0[m[K,
                 from [01m[K/files/src/streamer.cpp:1[m[K:
[01m[K/opt/ffmpeg/include/libavcodec/avcodec.h:4400:6:[m[K [01;36m[Knote: [m[Kdeclared here
 void av_free_packet(AVPacket *pkt);
[01;32m[K      ^[m[K
[01m[K/files/src/streamer.cpp:272:13:[m[K [01;35m[Kwarning: [m[K'[01m[Kvoid av_free_packet(AVPacket*)[m[K' is deprecated [-Wdeprecated-declarations]
             av_free_packet(&pkt);
[01;32m[K             ^[m[K
In file included from [01m[K/files/src/streamer.h:10:0[m[K,
                 from [01m[K/files/src/streamer.cpp:1[m[K:
[01m[K/opt/ffmpeg/include/libavcodec/avcodec.h:4400:6:[m[K [01;36m[Knote: [m[Kdeclared here
 void av_free_packet(AVPacket *pkt);
[01;32m[K      ^[m[K
[01m[K/files/src/streamer.cpp:272:13:[m[K [01;35m[Kwarning: [m[K'[01m[Kvoid av_free_packet(AVPacket*)[m[K' is deprecated [-Wdeprecated-declarations]
             av_free_packet(&pkt);
[01;32m[K             ^[m[K
In file included from [01m[K/files/src/streamer.h:10:0[m[K,
                 from [01m[K/files/src/streamer.cpp:1[m[K:
[01m[K/opt/ffmpeg/include/libavcodec/avcodec.h:4400:6:[m[K [01;36m[Knote: [m[Kdeclared here
 void av_free_packet(AVPacket *pkt);
[01;32m[K      ^[m[K
[01m[K/files/src/streamer.cpp:272:32:[m[K [01;35m[Kwarning: [m[K'[01m[Kvoid av_free_packet(AVPacket*)[m[K' is deprecated [-Wdeprecated-declarations]
             av_free_packet(&pkt);
[01;32m[K                                ^[m[K
In file included from [01m[K/files/src/streamer.h:10:0[m[K,
                 from [01m[K/files/src/streamer.cpp:1[m[K:
[01m[K/opt/ffmpeg/include/libavcodec/avcodec.h:4400:6:[m[K [01;36m[Knote: [m[Kdeclared here
 void av_free_packet(AVPacket *pkt);
[01;32m[K      ^[m[K
[01m[K/files/src/streamer.cpp:300:9:[m[K [01;35m[Kwarning: [m[K'[01m[Kvoid av_free_packet(AVPacket*)[m[K' is deprecated [-Wdeprecated-declarations]
         av_free_packet(&pkt);
[01;32m[K         ^[m[K
In file included from [01m[K/files/src/streamer.h:10:0[m[K,
                 from [01m[K/files/src/streamer.cpp:1[m[K:
[01m[K/opt/ffmpeg/include/libavcodec/avcodec.h:4400:6:[m[K [01;36m[Knote: [m[Kdeclared here
 void av_free_packet(AVPacket *pkt);
[01;32m[K      ^[m[K
[01m[K/files/src/streamer.cpp:300:9:[m[K [01;35m[Kwarning: [m[K'[01m[Kvoid av_free_packet(AVPacket*)[m[K' is deprecated [-Wdeprecated-declarations]
         av_free_packet(&pkt);
[01;32m[K         ^[m[K
In file included from [01m[K/files/src/streamer.h:10:0[m[K,
                 from [01m[K/files/src/streamer.cpp:1[m[K:
[01m[K/opt/ffmpeg/include/libavcodec/avcodec.h:4400:6:[m[K [01;36m[Knote: [m[Kdeclared here
 void av_free_packet(AVPacket *pkt);
[01;32m[K      ^[m[K
[01m[K/files/src/streamer.cpp:300:28:[m[K [01;35m[Kwarning: [m[K'[01m[Kvoid av_free_packet(AVPacket*)[m[K' is deprecated [-Wdeprecated-declarations]
         av_free_packet(&pkt);
[01;32m[K                            ^[m[K
In file included from [01m[K/files/src/streamer.h:10:0[m[K,
                 from [01m[K/files/src/streamer.cpp:1[m[K:
[01m[K/opt/ffmpeg/include/libavcodec/avcodec.h:4400:6:[m[K [01;36m[Knote: [m[Kdeclared here
 void av_free_packet(AVPacket *pkt);
[01;32m[K      ^[m[K
Makefile:5: recipe for target 'build' failed
